This file contains any messages produced by compilers while
running configure, to aid debugging if configure makes a mistake.

It was created by HTSlib configure 1.3.2-135-g50db54b, which was
generated by GNU Autoconf 2.69.  Invocation command line was

  $ ../configure 

## --------- ##
## Platform. ##
## --------- ##

hostname = b080-pc74
uname -m = x86_64
uname -r = 3.16.7-42-desktop
uname -s = Linux
uname -v = #1 SMP PREEMPT Tue Jun 28 12:20:57 UTC 2016 (35ab731)

/usr/bin/uname -p = x86_64
/bin/uname -X     = unknown

/bin/arch              = x86_64
/usr/bin/arch -k       = unknown
/usr/convex/getsysinfo = unknown
/usr/bin/hostinfo      = unknown
/bin/machine           = unknown
/usr/bin/oslevel       = unknown
/bin/universe          = unknown

PATH: /home/parkj/bin
PATH: /usr/local/bin
PATH: /usr/bin
PATH: /bin
PATH: /usr/bin/X11
PATH: /usr/games
PATH: /home/parkj/.roddy/runtimeDevel/jdk/bin
PATH: /home/parkj/.roddy/runtimeDevel/groovy/bin
PATH: /home/parkj/bin
PATH: /home/parkj/opt/arcanist/bin
PATH: /home/parkj/opt/idea-IC-143.1821.5/bin
PATH: /home/parkj/opt/CaVEMan-1.9.2/bin
PATH: /home/parkj/.roddy/runtimeDevel/jdk/bin
PATH: /home/parkj/.roddy/runtimeDevel/groovy/bin
PATH: /home/parkj/bin
PATH: /home/parkj/opt/arcanist/bin
PATH: /home/parkj/opt/idea-IC-143.1821.5/bin
PATH: /home/parkj/opt/CaVEMan-1.9.2/bin


## ----------- ##
## Core tests. ##
## ----------- ##

configure:1984: loading site script /usr/share/site/x86_64-unknown-linux-gnu
| #!/bin/sh
| # Site script for configure. It is resourced via $CONFIG_SITE environment varaible.
| 
| # If user did not specify libdir, guess the correct target:
| # Use lib64 for 64 bit bi-arch targets, keep the default for the rest.
| if test "$libdir" = '${exec_prefix}/lib' ; then
| 
| 	ac_config_site_64bit_host=NONE
| 
| 	case "$host" in
| 	"" )
| 		# User did not specify host target.
| 		# The native platform x86_64 is a bi-arch platform.
| 		# Try to detect cross-compilation to inferior architecture.
| 
| 		# We are trying to guess 32-bit target compilation. It's not as easy as
| 		# it sounds, as there is possible several intermediate combinations.
| 		ac_config_site_cross_to_32bit_host=NONE
| 
| 		# User defined -m32 in CFLAGS or CXXFLAGS:
| 		# (It's sufficient for 32-bit, but alone may cause mis-behavior of some checks.)
| 		case "$CFLAGS" in
| 		*-m32*)
| 			ac_config_site_cross_to_32bit_host=YES
| 			;;
| 		esac
| 		case "$CXXFLAGS" in
| 		*-m32*)
| 			ac_config_site_cross_to_32bit_host=YES
| 			;;
| 		esac
| 
| 		# Running with linux32:
| 		# (Changes detected platform, but not the toolchain target.)
| 		case "`/bin/uname -i`" in
| 		x86_64 | ppc64 | s390x )
| 			;;
| 		* )
| 			ac_config_site_cross_to_32bit_host=YES
| 			;;
| 		esac
| 
| 		if test "x$ac_config_site_cross_to_32bit_host" = xNONE; then
| 			ac_config_site_64bit_host=YES
| 		fi
| 
| 		;;
| 	*x86_64* | *ppc64* | *s390x* )
| 		ac_config_site_64bit_host=YES
| 		;;
| 	esac
| 
| 	if test "x$ac_config_site_64bit_host" = xYES; then
| 		libdir='${exec_prefix}/lib64'
| 	fi
| fi
| 
| # If user did not specify libexecdir, set the correct target:
| # Nor FHS nor openSUSE allow prefix/libexec. Let's default to prefix/lib.
| 
| if test "$libexecdir" = '${exec_prefix}/libexec' ; then
| 	libexecdir='${exec_prefix}/lib'
| fi
| 
| # Continue with the standard behavior of configure defined in AC_SITE_LOAD:
| if test "x$prefix" != xNONE; then
| 	ac_site_file1=$prefix/share/config.site
| 	ac_site_file2=$prefix/etc/config.site
| else
| 	ac_site_file1=$ac_default_prefix/share/config.site
| 	ac_site_file2=$ac_default_prefix/etc/config.site
| fi
| for ac_site_file in "$ac_site_file1" "$ac_site_file2"
| do
| 	test "x$ac_site_file" = xNONE && continue
| 	if test /dev/null != "$ac_site_file" && test -r "$ac_site_file"; then
| 		{ $as_echo "/usr/share/site/x86_64-unknown-linux-gnu:${as_lineno-$LINENO}: loading site script $ac_site_file" >&5
| $as_echo "/usr/share/site/x86_64-unknown-linux-gnu: loading site script $ac_site_file" >&6;}
| 		sed 's/^/| /' "$ac_site_file" >&5
| 		. "$ac_site_file" \
| 			|| { { $as_echo "/usr/share/site/x86_64-unknown-linux-gnu:${as_lineno-$LINENO}: error: in \`$ac_pwd':" >&5
| $as_echo "/usr/share/site/x86_64-unknown-linux-gnu: error: in \`$ac_pwd':" >&2;}
| as_fn_error $? "failed to load site script $ac_site_file
| See \`config.log' for more details" "$LINENO" 5; }
| 	fi
| done
configure:2139: checking for gcc
configure:2155: found /usr/bin/gcc
configure:2166: result: gcc
configure:2395: checking for C compiler version
configure:2404: gcc --version >&5
gcc (SUSE Linux) 4.8.3 20140627 [gcc-4_8-branch revision 212064]
Copyright (C) 2013 Free Software Foundation, Inc.
This is free software; see the source for copying conditions.  There is NO
warranty; not even for MERCHANTABILITY or FITNESS FOR A PARTICULAR PURPOSE.

configure:2415: $? = 0
configure:2404: gcc -v >&5
Using built-in specs.
COLLECT_GCC=gcc
COLLECT_LTO_WRAPPER=/usr/lib64/gcc/x86_64-suse-linux/4.8/lto-wrapper
Target: x86_64-suse-linux
Configured with: ../configure --prefix=/usr --infodir=/usr/share/info --mandir=/usr/share/man --libdir=/usr/lib64 --libexecdir=/usr/lib64 --enable-languages=c,c++,objc,fortran,obj-c++,java,ada --enable-checking=release --with-gxx-include-dir=/usr/include/c++/4.8 --enable-ssp --disable-libssp --disable-plugin --with-bugurl=http://bugs.opensuse.org/ --with-pkgversion='SUSE Linux' --disable-libgcj --disable-libmudflap --with-slibdir=/lib64 --with-system-zlib --enable-__cxa_atexit --enable-libstdcxx-allocator=new --disable-libstdcxx-pch --enable-version-specific-runtime-libs --enable-linker-build-id --enable-linux-futex --program-suffix=-4.8 --without-system-libunwind --with-arch-32=i586 --with-tune=generic --build=x86_64-suse-linux --host=x86_64-suse-linux
Thread model: posix
gcc version 4.8.3 20140627 [gcc-4_8-branch revision 212064] (SUSE Linux) 
configure:2415: $? = 0
configure:2404: gcc -V >&5
gcc: error: unrecognized command line option '-V'
gcc: fatal error: no input files
compilation terminated.
configure:2415: $? = 1
configure:2404: gcc -qversion >&5
gcc: error: unrecognized command line option '-qversion'
gcc: fatal error: no input files
compilation terminated.
configure:2415: $? = 1
configure:2435: checking whether the C compiler works
configure:2457: gcc    conftest.c  >&5
configure:2461: $? = 0
configure:2509: result: yes
configure:2512: checking for C compiler default output file name
configure:2514: result: a.out
configure:2520: checking for suffix of executables
configure:2527: gcc -o conftest    conftest.c  >&5
configure:2531: $? = 0
configure:2553: result: 
configure:2575: checking whether we are cross compiling
configure:2583: gcc -o conftest    conftest.c  >&5
configure:2587: $? = 0
configure:2594: ./conftest
configure:2598: $? = 0
configure:2613: result: no
configure:2618: checking for suffix of object files
configure:2640: gcc -c   conftest.c >&5
configure:2644: $? = 0
configure:2665: result: o
configure:2669: checking whether we are using the GNU C compiler
configure:2688: gcc -c   conftest.c >&5
configure:2688: $? = 0
configure:2697: result: yes
configure:2706: checking whether gcc accepts -g
configure:2726: gcc -c -g  conftest.c >&5
configure:2726: $? = 0
configure:2767: result: yes
configure:2784: checking for gcc option to accept ISO C89
configure:2847: gcc  -c -g -O2  conftest.c >&5
configure:2847: $? = 0
configure:2860: result: none needed
configure:2923: checking for ranlib
configure:2939: found /usr/bin/ranlib
configure:2950: result: ranlib
configure:2981: checking for special C compiler options needed for large files
configure:3026: result: no
configure:3032: checking for _FILE_OFFSET_BITS value needed for large files
configure:3057: gcc -c -g -O2  conftest.c >&5
configure:3057: $? = 0
configure:3089: result: no
configure:3221: checking shared library type
configure:3241: result: plain .so
configure:3250: checking how to run the C preprocessor
configure:3281: gcc -E  conftest.c
configure:3281: $? = 0
configure:3295: gcc -E  conftest.c
conftest.c:9:28: fatal error: ac_nonexistent.h: No such file or directory
 #include <ac_nonexistent.h>
                            ^
compilation terminated.
configure:3295: $? = 1
configure: failed program was:
| /* confdefs.h */
| #define PACKAGE_NAME "HTSlib"
| #define PACKAGE_TARNAME "htslib"
| #define PACKAGE_VERSION "1.3.2-135-g50db54b"
| #define PACKAGE_STRING "HTSlib 1.3.2-135-g50db54b"
| #define PACKAGE_BUGREPORT "samtools-help@lists.sourceforge.net"
| #define PACKAGE_URL "http://www.htslib.org/"
| /* end confdefs.h.  */
| #include <ac_nonexistent.h>
configure:3320: result: gcc -E
configure:3340: gcc -E  conftest.c
configure:3340: $? = 0
configure:3354: gcc -E  conftest.c
conftest.c:9:28: fatal error: ac_nonexistent.h: No such file or directory
 #include <ac_nonexistent.h>
                            ^
compilation terminated.
configure:3354: $? = 1
configure: failed program was:
| /* confdefs.h */
| #define PACKAGE_NAME "HTSlib"
| #define PACKAGE_TARNAME "htslib"
| #define PACKAGE_VERSION "1.3.2-135-g50db54b"
| #define PACKAGE_STRING "HTSlib 1.3.2-135-g50db54b"
| #define PACKAGE_BUGREPORT "samtools-help@lists.sourceforge.net"
| #define PACKAGE_URL "http://www.htslib.org/"
| /* end confdefs.h.  */
| #include <ac_nonexistent.h>
configure:3383: checking for grep that handles long lines and -e
configure:3441: result: /usr/bin/grep
configure:3446: checking for egrep
configure:3508: result: /usr/bin/grep -E
configure:3513: checking for ANSI C header files
configure:3533: gcc -c -g -O2  conftest.c >&5
configure:3533: $? = 0
configure:3606: gcc -o conftest -g -O2   conftest.c  >&5
configure:3606: $? = 0
configure:3606: ./conftest
configure:3606: $? = 0
configure:3617: result: yes
configure:3630: checking for sys/types.h
configure:3630: gcc -c -g -O2  conftest.c >&5
configure:3630: $? = 0
configure:3630: result: yes
configure:3630: checking for sys/stat.h
configure:3630: gcc -c -g -O2  conftest.c >&5
configure:3630: $? = 0
configure:3630: result: yes
configure:3630: checking for stdlib.h
configure:3630: gcc -c -g -O2  conftest.c >&5
configure:3630: $? = 0
configure:3630: result: yes
configure:3630: checking for string.h
configure:3630: gcc -c -g -O2  conftest.c >&5
configure:3630: $? = 0
configure:3630: result: yes
configure:3630: checking for memory.h
configure:3630: gcc -c -g -O2  conftest.c >&5
configure:3630: $? = 0
configure:3630: result: yes
configure:3630: checking for strings.h
configure:3630: gcc -c -g -O2  conftest.c >&5
configure:3630: $? = 0
configure:3630: result: yes
configure:3630: checking for inttypes.h
configure:3630: gcc -c -g -O2  conftest.c >&5
configure:3630: $? = 0
configure:3630: result: yes
configure:3630: checking for stdint.h
configure:3630: gcc -c -g -O2  conftest.c >&5
configure:3630: $? = 0
configure:3630: result: yes
configure:3630: checking for unistd.h
configure:3630: gcc -c -g -O2  conftest.c >&5
configure:3630: $? = 0
configure:3630: result: yes
configure:3648: checking for stdlib.h
configure:3648: result: yes
configure:3648: checking for unistd.h
configure:3648: result: yes
configure:3648: checking for sys/param.h
configure:3648: gcc -c -g -O2  conftest.c >&5
configure:3648: $? = 0
configure:3648: result: yes
configure:3668: checking for getpagesize
configure:3668: gcc -o conftest -g -O2   conftest.c  >&5
configure:3668: $? = 0
configure:3668: result: yes
configure:3677: checking for working mmap
configure:3824: gcc -o conftest -g -O2   conftest.c  >&5
configure:3824: $? = 0
configure:3824: ./conftest
configure:3824: $? = 0
configure:3834: result: yes
configure:3845: checking for gmtime_r
configure:3845: gcc -o conftest -g -O2   conftest.c  >&5
configure:3845: $? = 0
configure:3845: result: yes
configure:3857: checking whether fdatasync is declared
configure:3857: gcc -c -g -O2  conftest.c >&5
configure:3857: $? = 0
configure:3857: result: yes
configure:3861: checking for fdatasync
configure:3861: gcc -o conftest -g -O2   conftest.c  >&5
configure:3861: $? = 0
configure:3861: result: yes
configure:3950: checking for zlib.h
configure:3950: gcc -c -g -O2  conftest.c >&5
configure:3950: $? = 0
configure:3950: result: yes
configure:3959: checking for inflate in -lz
configure:3984: gcc -o conftest -g -O2   conftest.c -lz   >&5
configure:3984: $? = 0
configure:3993: result: yes
configure:4330: creating ./config.status

## ---------------------- ##
## Running config.status. ##
## ---------------------- ##

This file was extended by HTSlib config.status 1.3.2-135-g50db54b, which was
generated by GNU Autoconf 2.69.  Invocation command line was

  CONFIG_FILES    = 
  CONFIG_HEADERS  = 
  CONFIG_LINKS    = 
  CONFIG_COMMANDS = 
  $ ./config.status 

on b080-pc74

config.status:814: creating config.mk
config.status:814: creating config.h

## ---------------- ##
## Cache variables. ##
## ---------------- ##

ac_cv_c_compiler_gnu=yes
ac_cv_env_CC_set=
ac_cv_env_CC_value=
ac_cv_env_CFLAGS_set=
ac_cv_env_CFLAGS_value=
ac_cv_env_CPPFLAGS_set=
ac_cv_env_CPPFLAGS_value=
ac_cv_env_CPP_set=
ac_cv_env_CPP_value=
ac_cv_env_LDFLAGS_set=
ac_cv_env_LDFLAGS_value=
ac_cv_env_LIBS_set=
ac_cv_env_LIBS_value=
ac_cv_env_build_alias_set=
ac_cv_env_build_alias_value=
ac_cv_env_host_alias_set=
ac_cv_env_host_alias_value=
ac_cv_env_target_alias_set=
ac_cv_env_target_alias_value=
ac_cv_func_fdatasync=yes
ac_cv_func_getpagesize=yes
ac_cv_func_gmtime_r=yes
ac_cv_func_mmap_fixed_mapped=yes
ac_cv_have_decl_fdatasync_int_=yes
ac_cv_header_inttypes_h=yes
ac_cv_header_memory_h=yes
ac_cv_header_stdc=yes
ac_cv_header_stdint_h=yes
ac_cv_header_stdlib_h=yes
ac_cv_header_string_h=yes
ac_cv_header_strings_h=yes
ac_cv_header_sys_param_h=yes
ac_cv_header_sys_stat_h=yes
ac_cv_header_sys_types_h=yes
ac_cv_header_unistd_h=yes
ac_cv_header_zlib_h=yes
ac_cv_lib_z_inflate=yes
ac_cv_objext=o
ac_cv_path_EGREP='/usr/bin/grep -E'
ac_cv_path_GREP=/usr/bin/grep
ac_cv_prog_CPP='gcc -E'
ac_cv_prog_ac_ct_CC=gcc
ac_cv_prog_ac_ct_RANLIB=ranlib
ac_cv_prog_cc_c89=
ac_cv_prog_cc_g=yes
ac_cv_sys_file_offset_bits=no
ac_cv_sys_largefile_CC=no

## ----------------- ##
## Output variables. ##
## ----------------- ##

CC='gcc'
CFLAGS='-g -O2'
CPP='gcc -E'
CPPFLAGS=''
CRYPTO_LIBS=''
DEFS='-DHAVE_CONFIG_H'
ECHO_C=''
ECHO_N='-n'
ECHO_T=''
EGREP='/usr/bin/grep -E'
EXEEXT=''
GREP='/usr/bin/grep'
LDFLAGS=''
LIBOBJS=''
LIBS=''
LTLIBOBJS=''
OBJEXT='o'
PACKAGE_BUGREPORT='samtools-help@lists.sourceforge.net'
PACKAGE_NAME='HTSlib'
PACKAGE_STRING='HTSlib 1.3.2-135-g50db54b'
PACKAGE_TARNAME='htslib'
PACKAGE_URL='http://www.htslib.org/'
PACKAGE_VERSION='1.3.2-135-g50db54b'
PATH_SEPARATOR=':'
PLATFORM='default'
PLUGIN_EXT='.so'
RANLIB='ranlib'
SHELL='/bin/sh'
ac_ct_CC='gcc'
bindir='${exec_prefix}/bin'
build_alias=''
datadir='${datarootdir}'
datarootdir='${prefix}/share'
docdir='${datarootdir}/doc/${PACKAGE_TARNAME}'
dvidir='${docdir}'
enable_plugins='no'
exec_prefix='${prefix}'
host_alias='unknown-Linux'
htmldir='${docdir}'
includedir='${prefix}/include'
infodir='${datarootdir}/info'
libcurl='disabled'
libdir='${exec_prefix}/lib64'
libexecdir='${exec_prefix}/lib'
localedir='${datarootdir}/locale'
localstatedir='${prefix}/var'
mandir='${datarootdir}/man'
oldincludedir='/usr/include'
pdfdir='${docdir}'
plugindir='$(libexecdir)/htslib'
pluginpath='$(libexecdir)/htslib'
prefix='/usr/local'
program_transform_name='s,x,x,'
psdir='${docdir}'
sbindir='${exec_prefix}/sbin'
sharedstatedir='${prefix}/com'
sysconfdir='${prefix}/etc'
target_alias=''

## ----------- ##
## confdefs.h. ##
## ----------- ##

/* confdefs.h */
#define PACKAGE_NAME "HTSlib"
#define PACKAGE_TARNAME "htslib"
#define PACKAGE_VERSION "1.3.2-135-g50db54b"
#define PACKAGE_STRING "HTSlib 1.3.2-135-g50db54b"
#define PACKAGE_BUGREPORT "samtools-help@lists.sourceforge.net"
#define PACKAGE_URL "http://www.htslib.org/"
#define STDC_HEADERS 1
#define HAVE_SYS_TYPES_H 1
#define HAVE_SYS_STAT_H 1
#define HAVE_STDLIB_H 1
#define HAVE_STRING_H 1
#define HAVE_MEMORY_H 1
#define HAVE_STRINGS_H 1
#define HAVE_INTTYPES_H 1
#define HAVE_STDINT_H 1
#define HAVE_UNISTD_H 1
#define HAVE_STDLIB_H 1
#define HAVE_UNISTD_H 1
#define HAVE_SYS_PARAM_H 1
#define HAVE_GETPAGESIZE 1
#define HAVE_MMAP 1
#define HAVE_GMTIME_R 1
#define HAVE_FDATASYNC 1
#define HAVE_LIBZ 1

configure: exit 0
