--------------------
./configure
Wed Nov 16 19:01:52 CET 2016
Checking for gcc...
=== ztest32478.c ===
extern int getchar();
int hello() {return getchar();}
===
gcc -c ztest32478.c
... using gcc

Checking for obsessive-compulsive compiler options...
=== ztest32478.c ===
int foo() { return 0; }
===
gcc -c -O3 ztest32478.c

Checking for shared library support...
=== ztest32478.c ===
extern int getchar();
int hello() {return getchar();}
===
gcc -w -c -O3 -fPIC ztest32478.c
gcc -shared -Wl,-soname,libz.so.1,--version-script,zlib.map -O3 -fPIC -o ztest32478.so ztest32478.o
Building shared library libz.so.1.2.8 with gcc.

=== ztest32478.c ===
#include <sys/types.h>
off64_t dummy = 0;
===
gcc -c -O3 -D_LARGEFILE64_SOURCE=1 ztest32478.c
Checking for off64_t... Yes.
Checking for fseeko... Yes.

=== ztest32478.c ===
#include <string.h>
#include <errno.h>
int main() { return strlen(strerror(errno)); }
===
gcc -O3 -D_LARGEFILE64_SOURCE=1 -o ztest32478 ztest32478.c
Checking for strerror... Yes.

=== ztest32478.c ===
#include <unistd.h>
int main() { return 0; }
===
gcc -c -O3 -D_LARGEFILE64_SOURCE=1 ztest32478.c
Checking for unistd.h... Yes.

=== ztest32478.c ===
#include <stdarg.h>
int main() { return 0; }
===
gcc -c -O3 -D_LARGEFILE64_SOURCE=1 ztest32478.c
Checking for stdarg.h... Yes.

=== ztest32478.c ===
#include <stdio.h>
#include <stdarg.h>
#include "zconf.h"
int main()
{
#ifndef STDC
  choke me
#endif
  return 0;
}
===
gcc -c -O3 -D_LARGEFILE64_SOURCE=1 ztest32478.c
Checking whether to use vs[n]printf() or s[n]printf()... using vs[n]printf().

=== ztest32478.c ===
#include <stdio.h>
#include <stdarg.h>
int mytest(const char *fmt, ...)
{
  char buf[20];
  va_list ap;
  va_start(ap, fmt);
  vsnprintf(buf, sizeof(buf), fmt, ap);
  va_end(ap);
  return 0;
}
int main()
{
  return (mytest("Hello%d\n", 1));
}
===
gcc -O3 -D_LARGEFILE64_SOURCE=1 -o ztest32478 ztest32478.c
Checking for vsnprintf() in stdio.h... Yes.

=== ztest32478.c ===
#include <stdio.h>
#include <stdarg.h>
int mytest(const char *fmt, ...)
{
  int n;
  char buf[20];
  va_list ap;
  va_start(ap, fmt);
  n = vsnprintf(buf, sizeof(buf), fmt, ap);
  va_end(ap);
  return n;
}
int main()
{
  return (mytest("Hello%d\n", 1));
}
===
gcc -c -O3 -D_LARGEFILE64_SOURCE=1 ztest32478.c
Checking for return value of vsnprintf()... Yes.

=== ztest32478.c ===
#define ZLIB_INTERNAL __attribute__((visibility ("hidden")))
int ZLIB_INTERNAL foo;
int main()
{
  return 0;
}
===
gcc -c -O3 -D_LARGEFILE64_SOURCE=1 ztest32478.c
Checking for attribute(visibility) support... Yes.

ALL = static shared all64
AR = ar
ARFLAGS = rc
CC = gcc
CFLAGS = -O3 -D_LARGEFILE64_SOURCE=1 -DHAVE_HIDDEN
CPP = gcc -E
EXE =
LDCONFIG = ldconfig
LDFLAGS =
LDSHARED = gcc -shared -Wl,-soname,libz.so.1,--version-script,zlib.map
LDSHAREDLIBC = -lc
OBJC = $(OBJZ) $(OBJG)
PIC_OBJC = $(PIC_OBJZ) $(PIC_OBJG)
RANLIB = ranlib
SFLAGS = -O3 -fPIC -D_LARGEFILE64_SOURCE=1 -DHAVE_HIDDEN
SHAREDLIB = libz.so
SHAREDLIBM = libz.so.1
SHAREDLIBV = libz.so.1.2.8
STATICLIB = libz.a
TEST = all teststatic testshared test64
VER = 1.2.8
Z_U4 =
exec_prefix = ${prefix}
includedir = ${prefix}/include
libdir = ${exec_prefix}/lib
mandir = ${prefix}/share/man
prefix = /usr/local
sharedlibdir = ${libdir}
uname = Linux
--------------------


--------------------
./configure
Wed Nov 16 19:08:56 CET 2016
=== ztest2773.c ===
extern int getchar();
int hello() {return getchar();}
===
/usr/local/emscripten/emcc -c ztest2773.c
... using gcc

Checking for obsessive-compulsive compiler options...
=== ztest2773.c ===
int foo() { return 0; }
===
/usr/local/emscripten/emcc -c ztest2773.c

Checking for shared library support...
=== ztest2773.c ===
extern int getchar();
int hello() {return getchar();}
===
/usr/local/emscripten/emcc -w -c -fPIC ztest2773.c
/usr/local/emscripten/emcc -fPIC -o ztest2773.so ztest2773.o
Building shared library libz.so.1.2.8 with /usr/local/emscripten/emcc.

=== ztest2773.c ===
#include <sys/types.h>
off64_t dummy = 0;
===
/usr/local/emscripten/emcc -c -D_LARGEFILE64_SOURCE=1 ztest2773.c
Checking for off64_t... Yes.
Checking for fseeko... Yes.

=== ztest2773.c ===
#include <string.h>
#include <errno.h>
int main() { return strlen(strerror(errno)); }
===
/usr/local/emscripten/emcc -D_LARGEFILE64_SOURCE=1 -o ztest2773 ztest2773.c
Checking for strerror... Yes.

=== ztest2773.c ===
#include <unistd.h>
int main() { return 0; }
===
/usr/local/emscripten/emcc -c -D_LARGEFILE64_SOURCE=1 ztest2773.c
Checking for unistd.h... Yes.

=== ztest2773.c ===
#include <stdarg.h>
int main() { return 0; }
===
/usr/local/emscripten/emcc -c -D_LARGEFILE64_SOURCE=1 ztest2773.c
Checking for stdarg.h... Yes.

=== ztest2773.c ===
#include <stdio.h>
#include <stdarg.h>
#include "zconf.h"
int main()
{
#ifndef STDC
  choke me
#endif
  return 0;
}
===
/usr/local/emscripten/emcc -c -D_LARGEFILE64_SOURCE=1 ztest2773.c
Checking whether to use vs[n]printf() or s[n]printf()... using vs[n]printf().

=== ztest2773.c ===
#include <stdio.h>
#include <stdarg.h>
int mytest(const char *fmt, ...)
{
  char buf[20];
  va_list ap;
  va_start(ap, fmt);
  vsnprintf(buf, sizeof(buf), fmt, ap);
  va_end(ap);
  return 0;
}
int main()
{
  return (mytest("Hello%d\n", 1));
}
===
/usr/local/emscripten/emcc -D_LARGEFILE64_SOURCE=1 -o ztest2773 ztest2773.c
Checking for vsnprintf() in stdio.h... Yes.

=== ztest2773.c ===
#include <stdio.h>
#include <stdarg.h>
int mytest(const char *fmt, ...)
{
  int n;
  char buf[20];
  va_list ap;
  va_start(ap, fmt);
  n = vsnprintf(buf, sizeof(buf), fmt, ap);
  va_end(ap);
  return n;
}
int main()
{
  return (mytest("Hello%d\n", 1));
}
===
/usr/local/emscripten/emcc -c -D_LARGEFILE64_SOURCE=1 ztest2773.c
Checking for return value of vsnprintf()... Yes.

=== ztest2773.c ===
#define ZLIB_INTERNAL __attribute__((visibility ("hidden")))
int ZLIB_INTERNAL foo;
int main()
{
  return 0;
}
===
/usr/local/emscripten/emcc -c -D_LARGEFILE64_SOURCE=1 ztest2773.c
Checking for attribute(visibility) support... Yes.

ALL = static shared all64
AR = /usr/local/emscripten/emar
ARFLAGS = rc
CC = /usr/local/emscripten/emcc
CFLAGS = -D_LARGEFILE64_SOURCE=1 -DHAVE_HIDDEN
CPP = /usr/local/emscripten/emcc -E
EXE =
LDCONFIG = ldconfig
LDFLAGS =
LDSHARED = /usr/local/emscripten/emcc
LDSHAREDLIBC = -lc
OBJC = $(OBJZ) $(OBJG)
PIC_OBJC = $(PIC_OBJZ) $(PIC_OBJG)
RANLIB = /usr/local/emscripten/emranlib
SFLAGS = -fPIC -D_LARGEFILE64_SOURCE=1 -DHAVE_HIDDEN
SHAREDLIB = libz.so
SHAREDLIBM = libz.so.1
SHAREDLIBV = libz.so.1.2.8
STATICLIB = libz.a
TEST = all teststatic testshared test64
VER = 1.2.8
Z_U4 =
exec_prefix = ${prefix}
includedir = ${prefix}/include
libdir = ${exec_prefix}/lib
mandir = ${prefix}/share/man
prefix = /usr/local
sharedlibdir = ${libdir}
uname = Linux
--------------------


--------------------
./configure
Wed Nov 16 19:09:57 CET 2016
=== ztest3359.c ===
extern int getchar();
int hello() {return getchar();}
===
/usr/local/emscripten/emcc -c ztest3359.c
... using gcc

Checking for obsessive-compulsive compiler options...
=== ztest3359.c ===
int foo() { return 0; }
===
/usr/local/emscripten/emcc -c ztest3359.c

Checking for shared library support...
=== ztest3359.c ===
extern int getchar();
int hello() {return getchar();}
===
/usr/local/emscripten/emcc -w -c -fPIC ztest3359.c
/usr/local/emscripten/emcc -fPIC -o ztest3359.so ztest3359.o
Building shared library libz.so.1.2.8 with /usr/local/emscripten/emcc.

=== ztest3359.c ===
#include <sys/types.h>
off64_t dummy = 0;
===
/usr/local/emscripten/emcc -c -D_LARGEFILE64_SOURCE=1 ztest3359.c
Checking for off64_t... Yes.
Checking for fseeko... Yes.

=== ztest3359.c ===
#include <string.h>
#include <errno.h>
int main() { return strlen(strerror(errno)); }
===
/usr/local/emscripten/emcc -D_LARGEFILE64_SOURCE=1 -o ztest3359 ztest3359.c
Checking for strerror... Yes.

=== ztest3359.c ===
#include <unistd.h>
int main() { return 0; }
===
/usr/local/emscripten/emcc -c -D_LARGEFILE64_SOURCE=1 ztest3359.c
Checking for unistd.h... Yes.

=== ztest3359.c ===
#include <stdarg.h>
int main() { return 0; }
===
/usr/local/emscripten/emcc -c -D_LARGEFILE64_SOURCE=1 ztest3359.c
Checking for stdarg.h... Yes.

=== ztest3359.c ===
#include <stdio.h>
#include <stdarg.h>
#include "zconf.h"
int main()
{
#ifndef STDC
  choke me
#endif
  return 0;
}
===
/usr/local/emscripten/emcc -c -D_LARGEFILE64_SOURCE=1 ztest3359.c
Checking whether to use vs[n]printf() or s[n]printf()... using vs[n]printf().

=== ztest3359.c ===
#include <stdio.h>
#include <stdarg.h>
int mytest(const char *fmt, ...)
{
  char buf[20];
  va_list ap;
  va_start(ap, fmt);
  vsnprintf(buf, sizeof(buf), fmt, ap);
  va_end(ap);
  return 0;
}
int main()
{
  return (mytest("Hello%d\n", 1));
}
===
/usr/local/emscripten/emcc -D_LARGEFILE64_SOURCE=1 -o ztest3359 ztest3359.c
Checking for vsnprintf() in stdio.h... Yes.

=== ztest3359.c ===
#include <stdio.h>
#include <stdarg.h>
int mytest(const char *fmt, ...)
{
  int n;
  char buf[20];
  va_list ap;
  va_start(ap, fmt);
  n = vsnprintf(buf, sizeof(buf), fmt, ap);
  va_end(ap);
  return n;
}
int main()
{
  return (mytest("Hello%d\n", 1));
}
===
/usr/local/emscripten/emcc -c -D_LARGEFILE64_SOURCE=1 ztest3359.c
Checking for return value of vsnprintf()... Yes.

=== ztest3359.c ===
#define ZLIB_INTERNAL __attribute__((visibility ("hidden")))
int ZLIB_INTERNAL foo;
int main()
{
  return 0;
}
===
/usr/local/emscripten/emcc -c -D_LARGEFILE64_SOURCE=1 ztest3359.c
Checking for attribute(visibility) support... Yes.

ALL = static shared all64
AR = /usr/local/emscripten/emar
ARFLAGS = rc
CC = /usr/local/emscripten/emcc
CFLAGS = -D_LARGEFILE64_SOURCE=1 -DHAVE_HIDDEN
CPP = /usr/local/emscripten/emcc -E
EXE =
LDCONFIG = ldconfig
LDFLAGS =
LDSHARED = /usr/local/emscripten/emcc
LDSHAREDLIBC = -lc
OBJC = $(OBJZ) $(OBJG)
PIC_OBJC = $(PIC_OBJZ) $(PIC_OBJG)
RANLIB = /usr/local/emscripten/emranlib
SFLAGS = -fPIC -D_LARGEFILE64_SOURCE=1 -DHAVE_HIDDEN
SHAREDLIB = libz.so
SHAREDLIBM = libz.so.1
SHAREDLIBV = libz.so.1.2.8
STATICLIB = libz.a
TEST = all teststatic testshared test64
VER = 1.2.8
Z_U4 =
exec_prefix = ${prefix}
includedir = ${prefix}/include
libdir = ${exec_prefix}/lib
mandir = ${prefix}/share/man
prefix = /usr/local
sharedlibdir = ${libdir}
uname = Linux
--------------------


